This is LuaHBTeX, Version 1.13.0 (MiKTeX 21.1) (format=lualatex 2022.1.3)  6 DEC 2023 18:29
 restricted system commands enabled.
**resume-general/Rex_Parsons_Resume.tex
(./resume-general/Rex_Parsons_Resume.tex
LaTeX2e <2020-10-01> patch level 4
Lua module: luaotfload 2021-01-08 3.17 Lua based OpenType font support
Lua module: lualibs 2020-12-30 2.73 ConTeXt Lua standard libraries.
Lua module: lualibs-extended 2020-12-30 2.73 ConTeXt Lua libraries -- extended c
ollection.
luaotfload | conf : Root cache directory is "C:/Users/n10891277/AppData/Local/Mi
KTeX/luatex-cache/generic/names".
luaotfload | init : Loading fontloader "fontloader-2021-01-07.lua" from kpse-res
olved path "C:/Users/n10891277/AppData/Local/Programs/MiKTeX/tex/luatex/luaotflo
ad/fontloader-2021-01-07.lua".
Lua-only attribute luaotfload@noligature = 1
Lua-only attribute luaotfload@syllabe = 2
luaotfload | init : Context OpenType loader version 0x1.8e76c8b439581p+1
Inserting `luaotfload.node_processor' at position 1 in `pre_linebreak_filter'.
Inserting `luaotfload.node_processor' at position 1 in `hpack_filter'.
Inserting `luaotfload.glyph_stream' at position 1 in `glyph_stream_provider'.
Inserting `luaotfload.define_font' at position 1 in `define_font'.
Lua-only attribute luaotfload_color_attribute = 3
luaotfload | conf : Root cache directory is "C:/Users/n10891277/AppData/Local/Mi
KTeX/luatex-cache/generic/names".
Inserting `luaotfload.harf.strip_prefix' at position 1 in `find_opentype_file'.
Inserting `luaotfload.harf.strip_prefix' at position 1 in `find_truetype_file'.
Inserting `luaotfload.harf.finalize_vlist' at position 1 in `post_linebreak_filt
er'.
Inserting `luaotfload.harf.finalize_hlist' at position 2 in `hpack_filter'.
Inserting `luaotfload.cleanup_files' at position 1 in `wrapup_run'.
Inserting `luaotfload.harf.finalize_unicode' at position 1 in `finish_pdffile'.
Inserting `luaotfload.glyphinfo' at position 1 in `glyph_info'.
Inserting `luaotfload.aux.set_sscale_dimens' at position 1 in `luaotfload.patch_
font'.
Inserting `luaotfload.aux.set_font_index' at position 2 in `luaotfload.patch_fon
t'.
Inserting `luaotfload.aux.patch_cambria_domh' at position 3 in `luaotfload.patch
_font'.
Inserting `luaotfload.aux.fixup_fontdata' at position 1 in `luaotfload.patch_fon
t_unsafe'.
Inserting `luaotfload.aux.set_capheight' at position 4 in `luaotfload.patch_font
'.
Inserting `luaotfload.aux.set_xheight' at position 5 in `luaotfload.patch_font'.
Inserting `luaotfload.rewrite_fontname' at position 6 in `luaotfload.patch_font'
. L3 programming layer <2021-01-09> xparse <2020-03-03>
(C:/Users/n10891277/AppData/Local/Programs/MiKTeX/tex/latex/base/article.cls
Document Class: article 2020/04/10 v1.4m Standard LaTeX document class
(C:/Users/n10891277/AppData/Local/Programs/MiKTeX/tex/latex/base/size11.clo
File: size11.clo 2020/04/10 v1.4m Standard LaTeX file (size option)
luaotfload | db : Font names database loaded from C:/Users/n10891277/AppData/Loc
al/MiKTeX/luatex-cache/generic/names/luaotfload-names.luc)
\c@part=\count173
\c@section=\count174
\c@subsection=\count175
\c@subsubsection=\count176
\c@paragraph=\count177
\c@subparagraph=\count178
\c@figure=\count179
\c@table=\count180
\abovecaptionskip=\skip47
\belowcaptionskip=\skip48
\bibindent=\dimen138
)

! LaTeX Error: File `../components/commonheader.sty' not found.

Type X to quit or <RETURN> to proceed,
or enter new name. (Default extension: sty)

Enter file name: 

(C:/Users/n10891277/AppData/Local/Programs/MiKTeX/tex/latex/l3backend/l3backend
-luatex.def
File: l3backend-luatex.def 2021-01-09 L3 backend support: PDF output (LuaTeX)
\l__kernel_color_stack_int=\count181
\l__pdf_internal_box=\box47
)
No file Rex_Parsons_Resume.aux.

\openout1 = Rex_Parsons_Resume.aux
LaTeX Font Info:    Checking defaults for OML/cmm/m/it on input line 5.
LaTeX Font Info:    ... okay on input line 5.
LaTeX Font Info:    Checking defaults for OMS/cmsy/m/n on input line 5.
LaTeX Font Info:    ... okay on input line 5.
LaTeX Font Info:    Checking defaults for OT1/cmr/m/n on input line 5.
LaTeX Font Info:    ... okay on input line 5.
LaTeX Font Info:    Checking defaults for T1/cmr/m/n on input line 5.
LaTeX Font Info:    ... okay on input line 5.
LaTeX Font Info:    Checking defaults for TS1/cmr/m/n on input line 5.
LaTeX Font Info:    Trying to load font information for TS1+cmr on input line 5
.
(C:/Users/n10891277/AppData/Local/Programs/MiKTeX/tex/latex/base/ts1cmr.fd
File: ts1cmr.fd 2019/12/16 v2.5j Standard LaTeX font definitions
)
LaTeX Font Info:    ... okay on input line 5.
LaTeX Font Info:    Checking defaults for TU/lmr/m/n on input line 5.
LaTeX Font Info:    ... okay on input line 5.
LaTeX Font Info:    Checking defaults for OMX/cmex/m/n on input line 5.
LaTeX Font Info:    ... okay on input line 5.
LaTeX Font Info:    Checking defaults for U/cmr/m/n on input line 5.
LaTeX Font Info:    ... okay on input line 5.

! Undefined control sequence.
l.7 \subimport
            {../components/}{background.tex}
? 
! Undefined control sequence.
l.9 \resumesection
                {Education}
? 
! Undefined control sequence.
l.10 \subimport
             {../components/education}{qut.tex}
? 
! Undefined control sequence.
l.11 \subimport
             {../components/education}{uon.tex}
? 
! Undefined control sequence.
l.12 \subimport
             {../components/education}{uq.tex}
? 

Overfull \hbox (19.89398pt too wide) in paragraph at lines 9--13
[]\TU/lmr/m/n/10.95 Ed-u-ca-tion ../com-po-nents/ed-u-ca-tion-qut.tex ../com-po-
nents/ed-u-ca-tion-uon.tex
 []

! Undefined control sequence.
l.15 \resumesection
                 {Employment}
? 
! Undefined control sequence.
l.16 \subimport
             {../components/experiences/}{hpa.tex}
? 
! Undefined control sequence.
l.17 \subimport
             {../components/experiences/}{aushsi.tex}
? 
! Undefined control sequence.
l.18 \subimport
             {../components/experiences/}{ellume.tex}
? 
! Undefined control sequence.
l.19 \subimport
             {../components/experiences/}{cityfertility.tex}
? 
! Undefined control sequence.
l.20 \subimport
             {../components/experiences/}{ucmi.tex}
? 
! Undefined control sequence.
l.21 \subimport
             {../components/experiences/}{ellume_ra.tex}
? 
! Missing $ inserted.
<inserted text> 
$
l.21 \subimport{../components/experiences/}{ellume_
                                                 ra.tex}
? 
LaTeX Font Info:    External font `cmex10' loaded for size
(Font)              <10.95> on input line 21.
LaTeX Font Info:    External font `cmex10' loaded for size
(Font)              <8> on input line 21.
LaTeX Font Info:    External font `cmex10' loaded for size
(Font)              <6> on input line 21.
! Extra }, or forgotten $.
l.21 ...t{../components/experiences/}{ellume_ra.tex}
                                                  
? 
! Missing $ inserted.
<inserted text> 
$
l.22 
   
? 

Overfull \hbox (4.15321pt too wide) in paragraph at lines 15--22
\TU/lmr/m/n/10.95 ences/aushsi.tex ../com-po-nents/ex-pe-ri-ences/el-lume.tex ..
/com-po-nents/ex-pe-
 []


Overfull \hbox (120.50958pt too wide) in paragraph at lines 15--22
\TU/lmr/m/n/10.95 ri-ences/cityfer-til-ity.tex ../com-po-nents/ex-pe-ri-ences/uc
mi.tex ../components/experiences/ellume$[][]\OML/cmm/m/it/10.95 a:tex$ 
 []

! Undefined control sequence.
l.24 \resumesection
                 {Technical Skills}
? 
! Undefined control sequence.
l.25 \subimport
             {../components/}{skills.tex}
? 
! Undefined control sequence.
l.28 \resumesection
                 {Statistical Software Development}
? 
! Undefined control sequence.
l.29 \subimport
             {../components/publications/}{software.tex}
? 

Overfull \hbox (9.99521pt too wide) in paragraph at lines 28--30
[]\TU/lmr/m/n/10.95 Sta-tis-ti-cal Soft-ware De-vel-op-ment ../com-po-nents/pub-
li-ca-tions/soft-ware.tex 
 []

! Undefined control sequence.
l.32 \resumesection
                 {Teaching}
? 
! Undefined control sequence.
l.33 \subimport
             {../components/experiences/}{teaching.tex}
? 
! Undefined control sequence.
l.36 \resumesection
                 {Selected Papers \href{https://scholar.google.com/citations...
? 
! Undefined control sequence.
l.36 \resumesection{Selected Papers \href
                                       {https://scholar.google.com/citations...
? 
! Missing $ inserted.
<inserted text> 
$
l.36 ...https://scholar.google.com/citations?user=r_
                                                  UzMTUAAAAJ&hl=en}{\aiGoogl...
? 
! Misplaced alignment tab character &.
l.36 ...olar.google.com/citations?user=r_UzMTUAAAAJ&
                                                  hl=en}{\aiGoogleScholar}}
? 
! Extra }, or forgotten $.
l.36 ...oogle.com/citations?user=r_UzMTUAAAAJ&hl=en}
                                                  {\aiGoogleScholar}}
? 
! Undefined control sequence.
l.36 ...ns?user=r_UzMTUAAAAJ&hl=en}{\aiGoogleScholar
                                                  }}
? 
! Extra }, or forgotten $.
l.36 ...?user=r_UzMTUAAAAJ&hl=en}{\aiGoogleScholar}}
                                                  
? 
! Missing $ inserted.
<inserted text> 
$
l.37 \begin{enumerate}
                    
? 
! Missing \endgroup inserted.
<inserted text> 
\endgroup 
l.37 \begin{enumerate}
                    
? 

Overfull \hbox (47.1197pt too wide) in paragraph at lines 36--37
[]\TU/lmr/m/n/10.95 Se-lected Pa-pers https://scholar.google.com/citations?user=
r$[][]\OML/cmm/m/it/10.95 zMTUAAAAJhl \OT1/cmr/m/n/10.95 =
 []

! Undefined control sequence.
l.38 	\subimport
              {../components/publications/}{selected_pubs.tex}
? 
! Missing $ inserted.
<inserted text> 
$
l.38 ...mport{../components/publications/}{selected_
                                                  pubs.tex}
? 
! Extra }, or forgotten $.
l.38 ...components/publications/}{selected_pubs.tex}
                                                  
? 

! LaTeX Error: Something's wrong--perhaps a missing \item.

See the LaTeX manual or LaTeX Companion for explanation.
Type  H <return>  for immediate help.
 ...                                              
                                                  
l.39 \end{enumerate}
                  \par
? 

! LaTeX Error: Command \end{document} invalid in math mode.

See the LaTeX manual or LaTeX Companion for explanation.
Type  H <return>  for immediate help.
 ...                                              
                                                  
l.39 \end{enumerate}
                  \par
? 

! LaTeX Error: Something's wrong--perhaps a missing \item.

See the LaTeX manual or LaTeX Companion for explanation.
Type  H <return>  for immediate help.
 ...                                              
                                                  
l.39 \end{enumerate}
                  \par
? 

! LaTeX Error: Something's wrong--perhaps a missing \item.

See the LaTeX manual or LaTeX Companion for explanation.
Type  H <return>  for immediate help.
 ...                                              
                                                  
l.39 \end{enumerate}
                  \par
? 

! LaTeX Error: \begin{document} ended by \end{enumerate}.

See the LaTeX manual or LaTeX Companion for explanation.
Type  H <return>  for immediate help.
 ...                                              
                                                  
l.39 \end{enumerate}
                  \par
? 
! Missing $ inserted.
<inserted text> 
$
l.39 \end{enumerate}
                  \par
? 
! Missing } inserted.
<inserted text> 
}
l.39 \end{enumerate}
                  \par
? 
! Missing } inserted.
<inserted text> 
}
l.39 \end{enumerate}
                  \par
? 
! Missing } inserted.
<inserted text> 
}
l.39 \end{enumerate}
                  \par
? 
! Missing } inserted.
<inserted text> 
}
l.39 \end{enumerate}
                  \par
? 
! Extra \endgroup.
<recently read> \endgroup 
          
l.39 \end{enumerate}
                  \par
? 
! Undefined control sequence.
l.42 \resumesection
                 {Funding and Awards}
? 
! Undefined control sequence.
l.43 \subimport
             {../components/awards/}{awards-gen.tex}
? 
[1

{C:/Users/n10891277/AppData/Local/MiKTeX/pdftex/config/pdftex.map}]
(./Rex_Parsons_Resume.aux))

Here is how much of LuaTeX's memory you used:
 455 strings out of 478821
 100000,383344 words of node,token memory allocated
 406 words of node memory still in use:
   3 hlist, 1 vlist, 1 rule, 2 glue, 3 kern, 1 glyph, 4 attribute, 48 glue_spec,
 4 attribute_list, 1 write nodes
   avail lists: 2:109,3:30,4:2,5:156,6:18,7:1702,8:17,9:68,10:1,11:166
 20196 multiletter control sequences out of 65536+200000
 33 fonts using 3269935 bytes
 44i,4n,49p,157b,114s stack positions out of 5000i,500n,10000p,200000b,50000s
<//?/c:/users/n10891277/appdata/local/programs/miktex/fonts/opentype/public/lm/l
mroman10-regular.otf><C:/Users/n10891277/AppData/Local/Programs/MiKTeX/fonts/typ
e1/public/amsfonts/cm/cmmi10.pfb><C:/Users/n10891277/AppData/Local/Programs/MiKT
eX/fonts/type1/public/amsfonts/cm/cmmi8.pfb><C:/Users/n10891277/AppData/Local/Pr
ograms/MiKTeX/fonts/type1/public/amsfonts/cm/cmr10.pfb>
Output written on Rex_Parsons_Resume.pdf (1 page, 34565 bytes).

PDF statistics: 25 PDF objects out of 1000 (max. 8388607)
 0 named destinations out of 1000 (max. 131072)
 1 words of extra memory for PDF output out of 10000 (max. 100000000)

