This is LuaHBTeX, Version 1.13.0 (MiKTeX 21.1) (format=lualatex 2022.1.3)  6 APR 2023 11:27
 restricted system commands enabled.
**Rex_Parsons_Resume.tex
(./Rex_Parsons_Resume.tex
LaTeX2e <2020-10-01> patch level 4
Lua module: luaotfload 2021-01-08 3.17 Lua based OpenType font support
Lua module: lualibs 2020-12-30 2.73 ConTeXt Lua standard libraries.
Lua module: lualibs-extended 2020-12-30 2.73 ConTeXt Lua libraries -- extended c
ollection.
luaotfload | conf : Root cache directory is "C:/Users/n10891277/AppData/Local/Mi
KTeX/luatex-cache/generic/names".
luaotfload | init : Loading fontloader "fontloader-2021-01-07.lua" from kpse-res
olved path "C:/Users/n10891277/AppData/Local/Programs/MiKTeX/tex/luatex/luaotflo
ad/fontloader-2021-01-07.lua".
Lua-only attribute luaotfload@noligature = 1
Lua-only attribute luaotfload@syllabe = 2
luaotfload | init : Context OpenType loader version 0x1.8e76c8b439581p+1
Inserting `luaotfload.node_processor' at position 1 in `pre_linebreak_filter'.
Inserting `luaotfload.node_processor' at position 1 in `hpack_filter'.
Inserting `luaotfload.glyph_stream' at position 1 in `glyph_stream_provider'.
Inserting `luaotfload.define_font' at position 1 in `define_font'.
Lua-only attribute luaotfload_color_attribute = 3
luaotfload | conf : Root cache directory is "C:/Users/n10891277/AppData/Local/Mi
KTeX/luatex-cache/generic/names".
Inserting `luaotfload.harf.strip_prefix' at position 1 in `find_opentype_file'.
Inserting `luaotfload.harf.strip_prefix' at position 1 in `find_truetype_file'.
Inserting `luaotfload.harf.finalize_vlist' at position 1 in `post_linebreak_filt
er'.
Inserting `luaotfload.harf.finalize_hlist' at position 2 in `hpack_filter'.
Inserting `luaotfload.cleanup_files' at position 1 in `wrapup_run'.
Inserting `luaotfload.harf.finalize_unicode' at position 1 in `finish_pdffile'.
Inserting `luaotfload.glyphinfo' at position 1 in `glyph_info'.
Inserting `luaotfload.aux.set_sscale_dimens' at position 1 in `luaotfload.patch_
font'.
Inserting `luaotfload.aux.set_font_index' at position 2 in `luaotfload.patch_fon
t'.
Inserting `luaotfload.aux.patch_cambria_domh' at position 3 in `luaotfload.patch
_font'.
Inserting `luaotfload.aux.fixup_fontdata' at position 1 in `luaotfload.patch_fon
t_unsafe'.
Inserting `luaotfload.aux.set_capheight' at position 4 in `luaotfload.patch_font
'.
Inserting `luaotfload.aux.set_xheight' at position 5 in `luaotfload.patch_font'.
Inserting `luaotfload.rewrite_fontname' at position 6 in `luaotfload.patch_font'
. L3 programming layer <2021-01-09> xparse <2020-03-03>
(C:/Users/n10891277/AppData/Local/Programs/MiKTeX/tex/latex/base/article.cls
Document Class: article 2020/04/10 v1.4m Standard LaTeX document class
(C:/Users/n10891277/AppData/Local/Programs/MiKTeX/tex/latex/base/size11.clo
File: size11.clo 2020/04/10 v1.4m Standard LaTeX file (size option)
luaotfload | db : Font names database loaded from C:/Users/n10891277/AppData/Loc
al/MiKTeX/luatex-cache/generic/names/luaotfload-names.luc)
\c@part=\count173
\c@section=\count174
\c@subsection=\count175
\c@subsubsection=\count176
\c@paragraph=\count177
\c@subparagraph=\count178
\c@figure=\count179
\c@table=\count180
\abovecaptionskip=\skip47
\belowcaptionskip=\skip48
\bibindent=\dimen138
)
(../components/commonheader.sty
(C:/Users/n10891277/AppData/Local/Programs/MiKTeX/tex/latex/geometry/geometry.s
ty
Package: geometry 2020/01/02 v5.9 Page Geometry

(C:/Users/n10891277/AppData/Local/Programs/MiKTeX/tex/latex/graphics/keyval.sty
Package: keyval 2014/10/28 v1.15 key=value parser (DPC)
\KV@toks@=\toks15
)
(C:/Users/n10891277/AppData/Local/Programs/MiKTeX/tex/generic/iftex/ifvtex.sty
Package: ifvtex 2019/10/25 v1.7 ifvtex legacy package. Use iftex instead.

(C:/Users/n10891277/AppData/Local/Programs/MiKTeX/tex/generic/iftex/iftex.sty
Package: iftex 2020/03/06 v1.0d TeX engine tests
))
\Gm@cnth=\count181
\Gm@cntv=\count182
\c@Gm@tempcnt=\count183
\Gm@bindingoffset=\dimen139
\Gm@wd@mp=\dimen140
\Gm@odd@mp=\dimen141
\Gm@even@mp=\dimen142
\Gm@layoutwidth=\dimen143
\Gm@layoutheight=\dimen144
\Gm@layouthoffset=\dimen145
\Gm@layoutvoffset=\dimen146
\Gm@dimlist=\toks16

(C:/Users/n10891277/AppData/Local/Programs/MiKTeX/tex/latex/geometry/geometry.c
fg))
(C:/Users/n10891277/AppData/Local/Programs/MiKTeX/tex/latex/latex-tools/indentf
irst.sty
Package: indentfirst 1995/11/23 v1.03 Indent first paragraph (DPC)
)
(C:/Users/n10891277/AppData/Local/Programs/MiKTeX/tex/latex/enumitem/enumitem.s
ty
Package: enumitem 2019/06/20 v3.9 Customized lists
\labelindent=\skip49
\enit@outerparindent=\dimen147
\enit@toks=\toks17
\enit@inbox=\box47
\enit@count@id=\count184
\enitdp@description=\count185
)
(C:/Users/n10891277/AppData/Local/Programs/MiKTeX/tex/latex/xcolor/xcolor.sty
Package: xcolor 2016/05/11 v2.12 LaTeX color extensions (UK)

(C:/Users/n10891277/AppData/Local/Programs/MiKTeX/tex/latex/graphics-cfg/color.
cfg
File: color.cfg 2016/01/02 v1.6 sample color configuration
)
Package xcolor Info: Driver file: luatex.def on input line 225.

(C:/Users/n10891277/AppData/Local/Programs/MiKTeX/tex/latex/graphics-def/luatex
.def
File: luatex.def 2020/10/05 v1.2a Graphics/color driver for luatex
)
Package xcolor Info: Model `cmy' substituted by `cmy0' on input line 1348.
Package xcolor Info: Model `hsb' substituted by `rgb' on input line 1352.
Package xcolor Info: Model `RGB' extended on input line 1364.
Package xcolor Info: Model `HTML' substituted by `rgb' on input line 1366.
Package xcolor Info: Model `Hsb' substituted by `hsb' on input line 1367.
Package xcolor Info: Model `tHsb' substituted by `hsb' on input line 1368.
Package xcolor Info: Model `HSB' substituted by `hsb' on input line 1369.
Package xcolor Info: Model `Gray' substituted by `gray' on input line 1370.
Package xcolor Info: Model `wave' substituted by `hsb' on input line 1371.
)
(C:/Users/n10891277/AppData/Local/Programs/MiKTeX/tex/latex/hyperref/hyperref.s
ty
Package: hyperref 2020-05-15 v7.00e Hypertext links for LaTeX

(C:/Users/n10891277/AppData/Local/Programs/MiKTeX/tex/generic/ltxcmds/ltxcmds.s
ty
Package: ltxcmds 2020-05-10 v1.25 LaTeX kernel commands for general use (HO)
)
(C:/Users/n10891277/AppData/Local/Programs/MiKTeX/tex/generic/pdftexcmds/pdftex
cmds.sty
Package: pdftexcmds 2020-06-27 v0.33 Utility functions of pdfTeX for LuaTeX (HO
)

(C:/Users/n10891277/AppData/Local/Programs/MiKTeX/tex/generic/infwarerr/infware
rr.sty
Package: infwarerr 2019/12/03 v1.5 Providing info/warning/error messages (HO)
)
Package pdftexcmds Info: \pdf@primitive is available.
Package pdftexcmds Info: \pdf@ifprimitive is available.
Package pdftexcmds Info: \pdfdraftmode found.
\pdftexcmds@toks=\toks18
)
(C:/Users/n10891277/AppData/Local/Programs/MiKTeX/tex/generic/kvsetkeys/kvsetke
ys.sty
Package: kvsetkeys 2019/12/15 v1.18 Key value parser (HO)
)
(C:/Users/n10891277/AppData/Local/Programs/MiKTeX/tex/generic/kvdefinekeys/kvde
finekeys.sty
Package: kvdefinekeys 2019-12-19 v1.6 Define keys (HO)
)
(C:/Users/n10891277/AppData/Local/Programs/MiKTeX/tex/generic/pdfescape/pdfesca
pe.sty
Package: pdfescape 2019/12/09 v1.15 Implements pdfTeX's escape features (HO)
)
(C:/Users/n10891277/AppData/Local/Programs/MiKTeX/tex/latex/hycolor/hycolor.sty
Package: hycolor 2020-01-27 v1.10 Color options for hyperref/bookmark (HO)
)
(C:/Users/n10891277/AppData/Local/Programs/MiKTeX/tex/latex/letltxmacro/letltxm
acro.sty
Package: letltxmacro 2019/12/03 v1.6 Let assignment for LaTeX macros (HO)
)
(C:/Users/n10891277/AppData/Local/Programs/MiKTeX/tex/latex/auxhook/auxhook.sty
Package: auxhook 2019-12-17 v1.6 Hooks for auxiliary files (HO)
)
(C:/Users/n10891277/AppData/Local/Programs/MiKTeX/tex/latex/kvoptions/kvoptions
.sty
Package: kvoptions 2020-10-07 v3.14 Key value format for package options (HO)
)
\@linkdim=\dimen148
\Hy@linkcounter=\count186
\Hy@pagecounter=\count187

(C:/Users/n10891277/AppData/Local/Programs/MiKTeX/tex/latex/hyperref/pd1enc.def
File: pd1enc.def 2020-05-15 v7.00e Hyperref: PDFDocEncoding definition (HO)
)
(C:/Users/n10891277/AppData/Local/Programs/MiKTeX/tex/generic/intcalc/intcalc.s
ty
Package: intcalc 2019/12/15 v1.3 Expandable calculations with integers (HO)
)
(C:/Users/n10891277/AppData/Local/Programs/MiKTeX/tex/generic/etexcmds/etexcmds
.sty
Package: etexcmds 2019/12/15 v1.7 Avoid name clashes with e-TeX commands (HO)
)
\Hy@SavedSpaceFactor=\count188
Package hyperref Info: Hyper figures OFF on input line 4464.
Package hyperref Info: Link nesting OFF on input line 4469.
Package hyperref Info: Hyper index ON on input line 4472.
Package hyperref Info: Plain pages OFF on input line 4479.
Package hyperref Info: Backreferencing OFF on input line 4484.
Package hyperref Info: Implicit mode ON; LaTeX internals redefined.
Package hyperref Info: Bookmarks ON on input line 4717.
\c@Hy@tempcnt=\count189
 (C:/Users/n10891277/AppData/Local/Programs/MiKTeX/tex/latex/url/url.sty
\Urlmuskip=\muskip16
Package: url 2013/09/16  ver 3.4  Verb mode for urls, etc.
)
LaTeX Info: Redefining \url on input line 5076.
\XeTeXLinkMargin=\dimen149

(C:/Users/n10891277/AppData/Local/Programs/MiKTeX/tex/generic/bitset/bitset.sty
Package: bitset 2019/12/09 v1.3 Handle bit-vector datatype (HO)

(C:/Users/n10891277/AppData/Local/Programs/MiKTeX/tex/generic/bigintcalc/bigint
calc.sty
Package: bigintcalc 2019/12/15 v1.5 Expandable calculations on big integers (HO
)
))
\Fld@menulength=\count190
\Field@Width=\dimen150
\Fld@charsize=\dimen151
Package hyperref Info: Hyper figures OFF on input line 6347.
Package hyperref Info: Link nesting OFF on input line 6352.
Package hyperref Info: Hyper index ON on input line 6355.
Package hyperref Info: backreferencing OFF on input line 6362.
Package hyperref Info: Link coloring OFF on input line 6367.
Package hyperref Info: Link coloring with OCG OFF on input line 6372.
Package hyperref Info: PDF/A mode OFF on input line 6377.
LaTeX Info: Redefining \ref on input line 6417.
LaTeX Info: Redefining \pageref on input line 6421.

(C:/Users/n10891277/AppData/Local/Programs/MiKTeX/tex/latex/base/atbegshi-ltx.s
ty
Package: atbegshi-ltx 2020/08/17 v1.0a Emulation of the original atbegshi packa
ge
with kernel methods
)
\Hy@abspage=\count191
\c@Item=\count192
\c@Hfootnote=\count193
)
Package hyperref Info: Driver (autodetected): hluatex.

(C:/Users/n10891277/AppData/Local/Programs/MiKTeX/tex/latex/hyperref/hluatex.de
f
File: hluatex.def 2020-05-15 v7.00e Hyperref driver for luaTeX

(C:/Users/n10891277/AppData/Local/Programs/MiKTeX/tex/latex/hyperref/puenc.def
File: puenc.def 2020-05-15 v7.00e Hyperref: PDF Unicode definition (HO)
)
(C:/Users/n10891277/AppData/Local/Programs/MiKTeX/tex/generic/stringenc/stringe
nc.sty
Package: stringenc 2019/11/29 v1.12 Convert strings between diff. encodings (HO
)
)
(C:/Users/n10891277/AppData/Local/Programs/MiKTeX/tex/latex/base/atveryend-ltx.
sty
Package: atveryend-ltx 2020/08/19 v1.0a Emulation of the original atvery packag
e
with kernel methods
)
\Fld@listcount=\count194
\c@bookmark@seq@number=\count195

(C:/Users/n10891277/AppData/Local/Programs/MiKTeX/tex/latex/rerunfilecheck/reru
nfilecheck.sty
Package: rerunfilecheck 2019/12/05 v1.9 Rerun checks for auxiliary files (HO)

(C:/Users/n10891277/AppData/Local/Programs/MiKTeX/tex/generic/uniquecounter/uni
quecounter.sty
Package: uniquecounter 2019/12/15 v1.4 Provide unlimited unique counter (HO)
)
Package uniquecounter Info: New unique counter `rerunfilecheck' on input line 2
86.
)
\Hy@SectionHShift=\skip50
)
(C:/Users/n10891277/AppData/Local/Programs/MiKTeX/tex/latex/fontspec/fontspec.s
ty
(C:/Users/n10891277/AppData/Local/Programs/MiKTeX/tex/latex/l3packages/xparse/x
parse.sty
(C:/Users/n10891277/AppData/Local/Programs/MiKTeX/tex/latex/l3kernel/expl3.sty
Package: expl3 2021-01-09 L3 programming layer (loader) 

(C:/Users/n10891277/AppData/Local/Programs/MiKTeX/tex/latex/l3backend/l3backend
-luatex.def
File: l3backend-luatex.def 2021-01-09 L3 backend support: PDF output (LuaTeX)
\l__kernel_color_stack_int=\count196
\l__pdf_internal_box=\box48
))
Package: xparse 2020-10-27 L3 Experimental document command parser

(C:/Users/n10891277/AppData/Local/Programs/MiKTeX/tex/latex/l3packages/xparse/x
parse-generic.tex))
Package: fontspec 2020/02/21 v2.7i Font selection for XeLaTeX and LuaLaTeX
Lua module: fontspec 2020/02/21 2.7i Font selection for XeLaTeX and LuaLaTeX
(C:/Users/n10891277/AppData/Local/Programs/MiKTeX/tex/latex/fontspec/fontspec-l
uatex.sty
Package: fontspec-luatex 2020/02/21 v2.7i Font selection for XeLaTeX and LuaLaT
eX
\l__fontspec_script_int=\count197
\l__fontspec_language_int=\count198
\l__fontspec_strnum_int=\count199
\l__fontspec_tmp_int=\count266
\l__fontspec_tmpa_int=\count267
\l__fontspec_tmpb_int=\count268
\l__fontspec_tmpc_int=\count269
\l__fontspec_em_int=\count270
\l__fontspec_emdef_int=\count271
\l__fontspec_strong_int=\count272
\l__fontspec_strongdef_int=\count273
\l__fontspec_tmpa_dim=\dimen152
\l__fontspec_tmpb_dim=\dimen153
\l__fontspec_tmpc_dim=\dimen154

(C:/Users/n10891277/AppData/Local/Programs/MiKTeX/tex/latex/base/fontenc.sty
Package: fontenc 2020/08/10 v2.0s Standard LaTeX package
)
(C:/Users/n10891277/AppData/Local/Programs/MiKTeX/tex/latex/fontspec/fontspec.c
fg)))
(C:/Users/n10891277/AppData/Local/Programs/MiKTeX/tex/latex/fontawesome/fontawe
some.sty
Package: fontawesome 2016/05/15 v4.6.3.1 font awesome icons

(C:/Users/n10891277/AppData/Local/Programs/MiKTeX/tex/generic/iftex/ifxetex.sty
Package: ifxetex 2019/10/25 v0.7 ifxetex legacy package. Use iftex instead.
)
(C:/Users/n10891277/AppData/Local/Programs/MiKTeX/tex/generic/iftex/ifluatex.st
y
Package: ifluatex 2019/10/25 v1.5 ifluatex legacy package. Use iftex instead.
)
(C:/Users/n10891277/AppData/Local/Programs/MiKTeX/tex/latex/fontawesome/fontawe
somesymbols-generic.tex)
luaotfload | cache : Lookup cache loaded from C:/Users/n10891277/AppData/Local/M
iKTeX/luatex-cache/generic/names/luaotfload-lookup-cache.luc.
luaotfload | aux : font no 26 (nil) defines no feature for script latn
luaotfload | aux : font no 26 (nil) defines no feature for script dflt

Package fontspec Info: Could not resolve font "FontAwesome/BI" (it probably
(fontspec)             doesn't exist).


Package fontspec Info: Could not resolve font "FontAwesome/B" (it probably
(fontspec)             doesn't exist).


Package fontspec Info: Could not resolve font "FontAwesome/I" (it probably
(fontspec)             doesn't exist).


Package fontspec Info: Font family 'FontAwesome(0)' created for font
(fontspec)             'FontAwesome' with options [].
(fontspec)              
(fontspec)              This font family consists of the following NFSS
(fontspec)             series/shapes:
(fontspec)              
(fontspec)             - 'normal' (m/n) with NFSS spec.:
(fontspec)             <->"FontAwesome:mode=node;language=dflt;"
(fontspec)             - 'small caps'  (m/sc) with NFSS spec.: 


(C:/Users/n10891277/AppData/Local/Programs/MiKTeX/tex/latex/fontawesome/fontawe
somesymbols-xeluatex.tex))
(C:/Users/n10891277/AppData/Local/Programs/MiKTeX/tex/latex/bbding/bbding.sty
Package: bbding 1999/04/15 v1.01 Dingbats symbols
)
(C:/Users/n10891277/AppData/Local/Programs/MiKTeX/tex/latex/import/import.sty
Package: import 2020/04/01  v 6.2
)
(C:/Users/n10891277/AppData/Local/Programs/MiKTeX/tex/latex/emoji/emoji.sty
Package: emoji 2021/07/17 v0.2.2 Emoji support in (Lua)LaTeX

(C:/Users/n10891277/AppData/Local/Programs/MiKTeX/tex/latex/emoji/emoji-table.d
ef
File: emoji-table.def 2021/07/17 v0.2.2 Emojisupportin(Lua)LaTeX
))
(C:/Users/n10891277/AppData/Local/Programs/MiKTeX/tex/latex/academicons/academi
cons.sty
Package: academicons 2021/11/26 v1.9.1 Academicons Icons
)) (./Rex_Parsons_Resume.aux)
\openout1 = Rex_Parsons_Resume.aux

LaTeX Font Info:    Checking defaults for OML/cmm/m/it on input line 5.
LaTeX Font Info:    ... okay on input line 5.
LaTeX Font Info:    Checking defaults for OMS/cmsy/m/n on input line 5.
LaTeX Font Info:    ... okay on input line 5.
LaTeX Font Info:    Checking defaults for OT1/cmr/m/n on input line 5.
LaTeX Font Info:    ... okay on input line 5.
LaTeX Font Info:    Checking defaults for T1/cmr/m/n on input line 5.
LaTeX Font Info:    ... okay on input line 5.
LaTeX Font Info:    Checking defaults for TS1/cmr/m/n on input line 5.
LaTeX Font Info:    Trying to load font information for TS1+cmr on input line 5
.

(C:/Users/n10891277/AppData/Local/Programs/MiKTeX/tex/latex/base/ts1cmr.fd
File: ts1cmr.fd 2019/12/16 v2.5j Standard LaTeX font definitions
)
LaTeX Font Info:    ... okay on input line 5.
LaTeX Font Info:    Checking defaults for TU/lmr/m/n on input line 5.
LaTeX Font Info:    ... okay on input line 5.
LaTeX Font Info:    Checking defaults for OMX/cmex/m/n on input line 5.
LaTeX Font Info:    ... okay on input line 5.
LaTeX Font Info:    Checking defaults for U/cmr/m/n on input line 5.
LaTeX Font Info:    ... okay on input line 5.
LaTeX Font Info:    Checking defaults for PD1/pdf/m/n on input line 5.
LaTeX Font Info:    ... okay on input line 5.
LaTeX Font Info:    Checking defaults for PU/pdf/m/n on input line 5.
LaTeX Font Info:    ... okay on input line 5.

*geometry* driver: auto-detecting
*geometry* detected driver: luatex
*geometry* verbose mode - [ preamble ] result:
* driver: luatex
* paper: <default>
* layout: <same size as paper>
* layoutoffset:(h,v)=(0.0pt,0.0pt)
* modes: 
* h-part:(L,W,R)=(36.135pt, 542.02501pt, 36.135pt)
* v-part:(T,H,B)=(36.135pt, 722.7pt, 36.135pt)
* \paperwidth=614.295pt
* \paperheight=794.96999pt
* \textwidth=542.02501pt
* \textheight=722.7pt
* \oddsidemargin=-36.135pt
* \evensidemargin=-36.135pt
* \topmargin=-73.135pt
* \headheight=12.0pt
* \headsep=25.0pt
* \topskip=11.0pt
* \footskip=30.0pt
* \marginparwidth=59.0pt
* \marginparsep=10.0pt
* \columnsep=10.0pt
* \skip\footins=10.0pt plus 4.0pt minus 2.0pt
* \hoffset=0.0pt
* \voffset=0.0pt
* \mag=1000
* \@twocolumnfalse
* \@twosidefalse
* \@mparswitchfalse
* \@reversemarginfalse
* (1in=72.27pt=25.4mm, 1cm=28.453pt)


(C:/Users/n10891277/AppData/Local/Programs/MiKTeX/tex/context/base/mkii/supp-pd
f.mkii
[Loading MPS to PDF converter (version 2006.09.02).]
\scratchcounter=\count274
\scratchdimen=\dimen155
\scratchbox=\box49
\nofMPsegments=\count275
\nofMParguments=\count276
\everyMPshowfont=\toks19
\MPscratchCnt=\count277
\MPscratchDim=\dimen156
\MPnumerator=\count278
\makeMPintoPDFobject=\count279
\everyMPtoPDFconversion=\toks20
)
Package hyperref Info: Link coloring OFF on input line 5.

(C:/Users/n10891277/AppData/Local/Programs/MiKTeX/tex/latex/hyperref/nameref.st
y
Package: nameref 2019/09/16 v2.46 Cross-referencing by name of section

(C:/Users/n10891277/AppData/Local/Programs/MiKTeX/tex/latex/refcount/refcount.s
ty
Package: refcount 2019/12/15 v3.6 Data extraction from label references (HO)
)
(C:/Users/n10891277/AppData/Local/Programs/MiKTeX/tex/generic/gettitlestring/ge
ttitlestring.sty
Package: gettitlestring 2019/12/15 v1.6 Cleanup title references (HO)
)
\c@section@level=\count280
)
LaTeX Info: Redefining \ref on input line 5.
LaTeX Info: Redefining \pageref on input line 5.
LaTeX Info: Redefining \nameref on input line 5.
 (./Rex_Parsons_Resume.out) (./Rex_Parsons_Resume.out)
\@outlinefile=\write3

\openout3 = Rex_Parsons_Resume.out

Package fontspec Info: Adjusting the maths setup (use [no-math] to avoid
(fontspec)             this).

\symlegacymaths=\mathgroup4
LaTeX Font Info:    Overwriting symbol font `legacymaths' in version `bold'
(Font)                  OT1/cmr/m/n --> OT1/cmr/bx/n on input line 5.
LaTeX Font Info:    Redeclaring math accent \acute on input line 5.
LaTeX Font Info:    Redeclaring math accent \grave on input line 5.
LaTeX Font Info:    Redeclaring math accent \ddot on input line 5.
LaTeX Font Info:    Redeclaring math accent \tilde on input line 5.
LaTeX Font Info:    Redeclaring math accent \bar on input line 5.
LaTeX Font Info:    Redeclaring math accent \breve on input line 5.
LaTeX Font Info:    Redeclaring math accent \check on input line 5.
LaTeX Font Info:    Redeclaring math accent \hat on input line 5.
LaTeX Font Info:    Redeclaring math accent \dot on input line 5.
LaTeX Font Info:    Redeclaring math accent \mathring on input line 5.
LaTeX Font Info:    Redeclaring math symbol \colon on input line 5.
LaTeX Font Info:    Redeclaring math symbol \Gamma on input line 5.
LaTeX Font Info:    Redeclaring math symbol \Delta on input line 5.
LaTeX Font Info:    Redeclaring math symbol \Theta on input line 5.
LaTeX Font Info:    Redeclaring math symbol \Lambda on input line 5.
LaTeX Font Info:    Redeclaring math symbol \Xi on input line 5.
LaTeX Font Info:    Redeclaring math symbol \Pi on input line 5.
LaTeX Font Info:    Redeclaring math symbol \Sigma on input line 5.
LaTeX Font Info:    Redeclaring math symbol \Upsilon on input line 5.
LaTeX Font Info:    Redeclaring math symbol \Phi on input line 5.
LaTeX Font Info:    Redeclaring math symbol \Psi on input line 5.
LaTeX Font Info:    Redeclaring math symbol \Omega on input line 5.
LaTeX Font Info:    Redeclaring math symbol \mathdollar on input line 5.
LaTeX Font Info:    Redeclaring symbol font `operators' on input line 5.
LaTeX Font Info:    Encoding `OT1' has changed to `TU' for symbol font
(Font)              `operators' in the math version `normal' on input line 5.
LaTeX Font Info:    Overwriting symbol font `operators' in version `normal'
(Font)                  OT1/cmr/m/n --> TU/lmr/m/n on input line 5.
LaTeX Font Info:    Encoding `OT1' has changed to `TU' for symbol font
(Font)              `operators' in the math version `bold' on input line 5.
LaTeX Font Info:    Overwriting symbol font `operators' in version `bold'
(Font)                  OT1/cmr/bx/n --> TU/lmr/m/n on input line 5.
LaTeX Font Info:    Overwriting symbol font `operators' in version `normal'
(Font)                  TU/lmr/m/n --> TU/lmr/m/n on input line 5.
LaTeX Font Info:    Overwriting math alphabet `\mathit' in version `normal'
(Font)                  OT1/cmr/m/it --> TU/lmr/m/it on input line 5.
LaTeX Font Info:    Overwriting math alphabet `\mathbf' in version `normal'
(Font)                  OT1/cmr/bx/n --> TU/lmr/b/n on input line 5.
LaTeX Font Info:    Overwriting math alphabet `\mathsf' in version `normal'
(Font)                  OT1/cmss/m/n --> TU/lmss/m/n on input line 5.
LaTeX Font Info:    Overwriting math alphabet `\mathtt' in version `normal'
(Font)                  OT1/cmtt/m/n --> TU/lmtt/m/n on input line 5.
LaTeX Font Info:    Overwriting symbol font `operators' in version `bold'
(Font)                  TU/lmr/m/n --> TU/lmr/b/n on input line 5.
LaTeX Font Info:    Overwriting math alphabet `\mathit' in version `bold'
(Font)                  OT1/cmr/bx/it --> TU/lmr/b/it on input line 5.
LaTeX Font Info:    Overwriting math alphabet `\mathsf' in version `bold'
(Font)                  OT1/cmss/bx/n --> TU/lmss/b/n on input line 5.
LaTeX Font Info:    Overwriting math alphabet `\mathtt' in version `bold'
(Font)                  OT1/cmtt/m/n --> TU/lmtt/b/n on input line 5.
luaotfload | db : Reload initiated (formats: otf,ttf,ttc); reason: Font "AppleCo
lorEmoji" not found.
luaotfload | resolve : sequence of 3 lookups yielded nothing appropriate.

! Package fontspec Error: The font "AppleColorEmoji" cannot be found.

For immediate help type H <return>.
 ...                                              
                                                  
l.5 \begin{document}
                  
? 
luaotfload | resolve : sequence of 3 lookups yielded nothing appropriate.
luaotfload | aux : no font with id 0
luaotfload | aux : no font with id 0
luaotfload | resolve : sequence of 3 lookups yielded nothing appropriate.

! Package fontspec Error: The font "AppleColorEmoji" cannot be found.

For immediate help type H <return>.
 ...                                              
                                                  
l.5 \begin{document}
                  
? 
luaotfload | resolve : sequence of 3 lookups yielded nothing appropriate.

! Package fontspec Error: The font "AppleColorEmoji" cannot be found.

For immediate help type H <return>.
 ...                                              
                                                  
l.5 \begin{document}
                  
? 

Package fontspec Info: Font family 'AppleColorEmoji(0)' created for font
(fontspec)             'Apple Color Emoji' with options
(fontspec)             [BoldFont={},ItalicFont={},SmallCapsFont={},Renderer=Har
fBuzz].
(fontspec)              
(fontspec)              This font family consists of the following NFSS
(fontspec)             series/shapes:
(fontspec)              
(fontspec)             - 'normal' (m/n) with NFSS spec.:
(fontspec)             <->"AppleColorEmoji:mode=harf;language=dflt;"
(fontspec)             - 'small caps'  (m/sc) with NFSS spec.: 

(../components/../components/background.tex
luaotfload | resolve : sequence of 3 lookups yielded nothing appropriate.
! Font \TU/AppleColorEmoji(0)/m/n/10.95=AppleColorEmoji:mode=harf;language=dflt;
 at 10.95pt not loadable: metric data not found or bad.
<to be read again> 
relax 
l.5 ...moji{desktop-computer} rwparsons.github.io/}}
                                                  
? 
) (../components/education/qut.tex
LaTeX Font Info:    Font shape `TU/lmss/m/it' in size <10.95> not available
(Font)              Font shape `TU/lmss/m/sl' tried instead on input line 2.
) (../components/education/uon.tex)
(../components/education/uq.tex) (../components/experiences/aushsi.tex)
(../components/experiences/ellume.tex)
(../components/experiences/cityfertility.tex)
(../components/experiences/ucmi.tex) (../components/experiences/ellume_ra.tex)
(../components/../components/skills.tex [1

{C:/Users/n10891277/AppData/Local/MiKTeX/pdftex/config/pdftex.map}
Missing character: There is no 🖥 (U+1F5A5) in font nullfont!
Missing character: There is no ️ (U+FE0F) in font nullfont!
]) (../components/publications/software.tex)
(../components/experiences/teaching.tex)
LaTeX Font Info:    Trying to load font information for TU+academicons on input
 line 35.

(C:/Users/n10891277/AppData/Local/Programs/MiKTeX/tex/latex/academicons/tuacade
micons.fd) (../components/publications/selected_pubs.tex)
(../components/awards/awards-gen.tex) [2] (./Rex_Parsons_Resume.aux)
Package rerunfilecheck Info: File `Rex_Parsons_Resume.out' has not changed.
(rerunfilecheck)             Checksum: D41D8CD98F00B204E9800998ECF8427E;0.
)

Here is how much of LuaTeX's memory you used:
 18655 strings out of 478821
 100000,662416 words of node,token memory allocated
 416 words of node memory still in use:
   3 hlist, 1 vlist, 1 rule, 2 glue, 3 kern, 1 glyph, 4 attribute, 50 glue_spec,
 4 attribute_list, 1 write nodes
   avail lists: 1:1,2:727,3:336,4:132,5:419,6:105,7:7991,8:63,9:337,10:6,11:692
 37700 multiletter control sequences out of 65536+200000
 36 fonts using 4146559 bytes
 96i,6n,98p,364b,332s stack positions out of 5000i,500n,10000p,200000b,50000s
<//?/c:/users/n10891277/appdata/local/programs/miktex/fonts/truetype/public/acad
emicons/academicons.ttf><//?/c:/users/n10891277/appdata/local/programs/miktex/fo
nts/opentype/public/lm/lmmono10-regular.otf><//?/c:/users/n10891277/appdata/loca
l/programs/miktex/fonts/opentype/public/lm/lmsans10-oblique.otf><C:/Users/n10891
277/AppData/Local/Programs/MiKTeX/fonts/opentype/public/fontawesome/fontawesome.
otf><//?/c:/users/n10891277/appdata/local/programs/miktex/fonts/opentype/public/
lm/lmsans10-regular.otf><//?/c:/users/n10891277/appdata/local/programs/miktex/fo
nts/opentype/public/lm/lmsans10-bold.otf>
Output written on Rex_Parsons_Resume.pdf (2 pages, 49886 bytes).

PDF statistics: 97 PDF objects out of 1000 (max. 8388607)
 21 named destinations out of 1000 (max. 131072)
 1 words of extra memory for PDF output out of 10000 (max. 100000000)

