This is LuaHBTeX, Version 1.18.1 (MiKTeX 24.4) (format=lualatex 2024.9.23)  12 NOV 2024 09:24
 restricted system commands enabled.
**Rex_Parsons_Resume.tex
(./Rex_Parsons_Resume.tex
LaTeX2e <2024-06-01> patch level 2
L3 programming layer <2024-08-30>
Lua module: luaotfload 2024-02-14 3.28 Lua based OpenType font support
Lua module: lualibs 2023-07-13 2.76 ConTeXt Lua standard libraries.
Lua module: lualibs-extended 2023-07-13 2.76 ConTeXt Lua libraries -- extended c
ollection.
luaotfload | conf : Root cache directory is "C:/Users/parsonrr/AppData/Local/MiK
TeX/luatex-cache/generic/names".
luaotfload | init : Loading fontloader "fontloader-2023-12-28.lua" from kpse-res
olved path "C:/Users/parsonrr/AppData/Local/Programs/MiKTeX/tex/luatex/luaotfloa
d/fontloader-2023-12-28.lua".
Lua-only attribute luaotfload@noligature = 1
luaotfload | init : Context OpenType loader version 3.134
Inserting `luaotfload.node_processor' in `pre_linebreak_filter'.
Inserting `luaotfload.node_processor' in `hpack_filter'.
Inserting `luaotfload.glyph_stream' in `glyph_stream_provider'.
Inserting `luaotfload.define_font' in `define_font'.
Lua-only attribute luaotfload_color_attribute = 2
luaotfload | conf : Root cache directory is "C:/Users/parsonrr/AppData/Local/MiK
TeX/luatex-cache/generic/names".
Inserting `luaotfload.harf.strip_prefix' in `find_opentype_file'.
Inserting `luaotfload.harf.strip_prefix' in `find_truetype_file'.
Removing  `luaotfload.glyph_stream' from `glyph_stream_provider'.
Inserting `luaotfload.harf.glyphstream' in `glyph_stream_provider'.
Inserting `luaotfload.harf.finalize_vlist' in `post_linebreak_filter'.
Inserting `luaotfload.harf.finalize_hlist' in `hpack_filter'.
Inserting `luaotfload.cleanup_files' in `wrapup_run'.
Inserting `luaotfload.harf.finalize_unicode' in `finish_pdffile'.
Inserting `luaotfload.glyphinfo' in `glyph_info'.
Lua-only attribute luaotfload.letterspace_done = 3
Inserting `luaotfload.aux.set_sscale_dimens' in `luaotfload.patch_font'.
Inserting `luaotfload.aux.set_font_index' in `luaotfload.patch_font'.
Inserting `luaotfload.aux.patch_cambria_domh' in `luaotfload.patch_font'.
Inserting `luaotfload.aux.fixup_fontdata' in `luaotfload.patch_font_unsafe'.
Inserting `luaotfload.aux.set_capheight' in `luaotfload.patch_font'.
Inserting `luaotfload.aux.set_xheight' in `luaotfload.patch_font'.
Inserting `luaotfload.rewrite_fontname' in `luaotfload.patch_font'.
Inserting `tracingstacklevels' in `input_level_string'. (C:/Users/parsonrr/AppD
ata/Local/Programs/MiKTeX/tex/latex/base/article.cls
Document Class: article 2024/02/08 v1.4n Standard LaTeX document class
(C:/Users/parsonrr/AppData/Local/Programs/MiKTeX/tex/latex/base/size11.clo
File: size11.clo 2024/02/08 v1.4n Standard LaTeX file (size option)
luaotfload | db : Font names database loaded from C:/Users/parsonrr/AppData/Loca
l/MiKTeX/luatex-cache/generic/names/luaotfload-names.luc.gz)
\c@part=\count192
\c@section=\count193
\c@subsection=\count194
\c@subsubsection=\count195
\c@paragraph=\count196
\c@subparagraph=\count197
\c@figure=\count198
\c@table=\count199
\abovecaptionskip=\skip49
\belowcaptionskip=\skip50
\bibindent=\dimen140
)
(../components/commonheader.sty
(C:/Users/parsonrr/AppData/Local/Programs/MiKTeX/tex/latex/geometry/geometry.st
y
Package: geometry 2020/01/02 v5.9 Page Geometry

(C:/Users/parsonrr/AppData/Local/Programs/MiKTeX/tex/latex/graphics/keyval.sty
Package: keyval 2022/05/29 v1.15 key=value parser (DPC)
\KV@toks@=\toks17
) (C:/Users/parsonrr/AppData/Local/Programs/MiKTeX/tex/generic/iftex/ifvtex.sty
Package: ifvtex 2019/10/25 v1.7 ifvtex legacy package. Use iftex instead.

(C:/Users/parsonrr/AppData/Local/Programs/MiKTeX/tex/generic/iftex/iftex.sty
Package: iftex 2022/02/03 v1.0f TeX engine tests
))
\Gm@cnth=\count266
\Gm@cntv=\count267
\c@Gm@tempcnt=\count268
\Gm@bindingoffset=\dimen141
\Gm@wd@mp=\dimen142
\Gm@odd@mp=\dimen143
\Gm@even@mp=\dimen144
\Gm@layoutwidth=\dimen145
\Gm@layoutheight=\dimen146
\Gm@layouthoffset=\dimen147
\Gm@layoutvoffset=\dimen148
\Gm@dimlist=\toks18

(C:/Users/parsonrr/AppData/Local/Programs/MiKTeX/tex/latex/geometry/geometry.cf
g))
(C:/Users/parsonrr/AppData/Local/Programs/MiKTeX/tex/latex/tools/indentfirst.st
y
Package: indentfirst 2023/07/02 v1.03 Indent first paragraph (DPC)
)
(C:/Users/parsonrr/AppData/Local/Programs/MiKTeX/tex/latex/enumitem/enumitem.st
y
Package: enumitem 2019/06/20 v3.9 Customized lists
\labelindent=\skip51
\enit@outerparindent=\dimen149
\enit@toks=\toks19
\enit@inbox=\box52
\enit@count@id=\count269
\enitdp@description=\count270
) (C:/Users/parsonrr/AppData/Local/Programs/MiKTeX/tex/latex/xcolor/xcolor.sty
Package: xcolor 2023/11/15 v3.01 LaTeX color extensions (UK)

(C:/Users/parsonrr/AppData/Local/Programs/MiKTeX/tex/latex/graphics-cfg/color.c
fg
File: color.cfg 2016/01/02 v1.6 sample color configuration
)
Package xcolor Info: Driver file: luatex.def on input line 274.

(C:/Users/parsonrr/AppData/Local/Programs/MiKTeX/tex/latex/graphics-def/luatex.
def
File: luatex.def 2024/04/13 v1.2e Graphics/color driver for luatex
)
(C:/Users/parsonrr/AppData/Local/Programs/MiKTeX/tex/latex/graphics/mathcolor.l
tx)
Package xcolor Info: Model `cmy' substituted by `cmy0' on input line 1350.
Package xcolor Info: Model `hsb' substituted by `rgb' on input line 1354.
Package xcolor Info: Model `RGB' extended on input line 1366.
Package xcolor Info: Model `HTML' substituted by `rgb' on input line 1368.
Package xcolor Info: Model `Hsb' substituted by `hsb' on input line 1369.
Package xcolor Info: Model `tHsb' substituted by `hsb' on input line 1370.
Package xcolor Info: Model `HSB' substituted by `hsb' on input line 1371.
Package xcolor Info: Model `Gray' substituted by `gray' on input line 1372.
Package xcolor Info: Model `wave' substituted by `hsb' on input line 1373.
)
(C:/Users/parsonrr/AppData/Local/Programs/MiKTeX/tex/latex/hyperref/hyperref.st
y
Package: hyperref 2024-07-10 v7.01j Hypertext links for LaTeX

(C:/Users/parsonrr/AppData/Local/Programs/MiKTeX/tex/latex/kvsetkeys/kvsetkeys.
sty
Package: kvsetkeys 2022-10-05 v1.19 Key value parser (HO)
)
(C:/Users/parsonrr/AppData/Local/Programs/MiKTeX/tex/generic/kvdefinekeys/kvdef
inekeys.sty
Package: kvdefinekeys 2019-12-19 v1.6 Define keys (HO)
)
(C:/Users/parsonrr/AppData/Local/Programs/MiKTeX/tex/generic/pdfescape/pdfescap
e.sty
Package: pdfescape 2019/12/09 v1.15 Implements pdfTeX's escape features (HO)

(C:/Users/parsonrr/AppData/Local/Programs/MiKTeX/tex/generic/ltxcmds/ltxcmds.st
y
Package: ltxcmds 2023-12-04 v1.26 LaTeX kernel commands for general use (HO)
)
(C:/Users/parsonrr/AppData/Local/Programs/MiKTeX/tex/generic/pdftexcmds/pdftexc
mds.sty
Package: pdftexcmds 2020-06-27 v0.33 Utility functions of pdfTeX for LuaTeX (HO
)

(C:/Users/parsonrr/AppData/Local/Programs/MiKTeX/tex/generic/infwarerr/infwarer
r.sty
Package: infwarerr 2019/12/03 v1.5 Providing info/warning/error messages (HO)
)
Package pdftexcmds Info: \pdf@primitive is available.
Package pdftexcmds Info: \pdf@ifprimitive is available.
Package pdftexcmds Info: \pdfdraftmode found.
\pdftexcmds@toks=\toks20
))
(C:/Users/parsonrr/AppData/Local/Programs/MiKTeX/tex/latex/hycolor/hycolor.sty
Package: hycolor 2020-01-27 v1.10 Color options for hyperref/bookmark (HO)
)
(C:/Users/parsonrr/AppData/Local/Programs/MiKTeX/tex/latex/hyperref/nameref.sty
Package: nameref 2023-11-26 v2.56 Cross-referencing by name of section

(C:/Users/parsonrr/AppData/Local/Programs/MiKTeX/tex/latex/refcount/refcount.st
y
Package: refcount 2019/12/15 v3.6 Data extraction from label references (HO)
)
(C:/Users/parsonrr/AppData/Local/Programs/MiKTeX/tex/generic/gettitlestring/get
titlestring.sty
Package: gettitlestring 2019/12/15 v1.6 Cleanup title references (HO)

(C:/Users/parsonrr/AppData/Local/Programs/MiKTeX/tex/latex/kvoptions/kvoptions.
sty
Package: kvoptions 2022-06-15 v3.15 Key value format for package options (HO)
))
\c@section@level=\count271
)
(C:/Users/parsonrr/AppData/Local/Programs/MiKTeX/tex/latex/etoolbox/etoolbox.st
y
Package: etoolbox 2020/10/05 v2.5k e-TeX tools for LaTeX (JAW)
\etb@tempcnta=\count272
)
(C:/Users/parsonrr/AppData/Local/Programs/MiKTeX/tex/generic/stringenc/stringen
c.sty
Package: stringenc 2019/11/29 v1.12 Convert strings between diff. encodings (HO
)
)
\@linkdim=\dimen150
\Hy@linkcounter=\count273
\Hy@pagecounter=\count274

(C:/Users/parsonrr/AppData/Local/Programs/MiKTeX/tex/latex/hyperref/pd1enc.def
File: pd1enc.def 2024-07-10 v7.01j Hyperref: PDFDocEncoding definition (HO)
)
(C:/Users/parsonrr/AppData/Local/Programs/MiKTeX/tex/generic/intcalc/intcalc.st
y
Package: intcalc 2019/12/15 v1.3 Expandable calculations with integers (HO)
)
\Hy@SavedSpaceFactor=\count275

(C:/Users/parsonrr/AppData/Local/Programs/MiKTeX/tex/latex/hyperref/puenc.def
File: puenc.def 2024-07-10 v7.01j Hyperref: PDF Unicode definition (HO)
)
Package hyperref Info: Hyper figures OFF on input line 4157.
Package hyperref Info: Link nesting OFF on input line 4162.
Package hyperref Info: Hyper index ON on input line 4165.
Package hyperref Info: Plain pages OFF on input line 4172.
Package hyperref Info: Backreferencing OFF on input line 4177.
Package hyperref Info: Implicit mode ON; LaTeX internals redefined.
Package hyperref Info: Bookmarks ON on input line 4424.
\c@Hy@tempcnt=\count276

(C:/Users/parsonrr/AppData/Local/Programs/MiKTeX/tex/latex/url/url.sty
\Urlmuskip=\muskip17
Package: url 2013/09/16  ver 3.4  Verb mode for urls, etc.
)
LaTeX Info: Redefining \url on input line 4763.
\XeTeXLinkMargin=\dimen151

(C:/Users/parsonrr/AppData/Local/Programs/MiKTeX/tex/generic/bitset/bitset.sty
Package: bitset 2019/12/09 v1.3 Handle bit-vector datatype (HO)

(C:/Users/parsonrr/AppData/Local/Programs/MiKTeX/tex/generic/bigintcalc/bigintc
alc.sty
Package: bigintcalc 2019/12/15 v1.5 Expandable calculations on big integers (HO
)
))
\Fld@menulength=\count277
\Field@Width=\dimen152
\Fld@charsize=\dimen153
Package hyperref Info: Hyper figures OFF on input line 6042.
Package hyperref Info: Link nesting OFF on input line 6047.
Package hyperref Info: Hyper index ON on input line 6050.
Package hyperref Info: backreferencing OFF on input line 6057.
Package hyperref Info: Link coloring OFF on input line 6062.
Package hyperref Info: Link coloring with OCG OFF on input line 6067.
Package hyperref Info: PDF/A mode OFF on input line 6072.

(C:/Users/parsonrr/AppData/Local/Programs/MiKTeX/tex/latex/base/atbegshi-ltx.st
y
Package: atbegshi-ltx 2021/01/10 v1.0c Emulation of the original atbegshi
package with kernel methods
)
\Hy@abspage=\count278
\c@Item=\count279
\c@Hfootnote=\count280
)
Package hyperref Info: Driver (autodetected): hluatex.

(C:/Users/parsonrr/AppData/Local/Programs/MiKTeX/tex/latex/hyperref/hluatex.def
File: hluatex.def 2024-07-10 v7.01j Hyperref driver for luaTeX

(C:/Users/parsonrr/AppData/Local/Programs/MiKTeX/tex/latex/base/atveryend-ltx.s
ty
Package: atveryend-ltx 2020/08/19 v1.0a Emulation of the original atveryend pac
kage
with kernel methods
)
\Fld@listcount=\count281
\c@bookmark@seq@number=\count282

(C:/Users/parsonrr/AppData/Local/Programs/MiKTeX/tex/latex/rerunfilecheck/rerun
filecheck.sty
Package: rerunfilecheck 2022-07-10 v1.10 Rerun checks for auxiliary files (HO)

(C:/Users/parsonrr/AppData/Local/Programs/MiKTeX/tex/generic/uniquecounter/uniq
uecounter.sty
Package: uniquecounter 2019/12/15 v1.4 Provide unlimited unique counter (HO)
)
Package uniquecounter Info: New unique counter `rerunfilecheck' on input line 2
85.
)
\Hy@SectionHShift=\skip52
)
(C:/Users/parsonrr/AppData/Local/Programs/MiKTeX/tex/latex/fontspec/fontspec.st
y
(C:/Users/parsonrr/AppData/Local/Programs/MiKTeX/tex/latex/l3packages/xparse/xp
arse.sty
(C:/Users/parsonrr/AppData/Local/Programs/MiKTeX/tex/latex/l3kernel/expl3.sty
Package: expl3 2024-08-30 L3 programming layer (loader) 

(C:/Users/parsonrr/AppData/Local/Programs/MiKTeX/tex/latex/l3backend/l3backend-
luatex.def
File: l3backend-luatex.def 2024-05-08 L3 backend support: PDF output (LuaTeX)
\l__color_backend_stack_int=\count283
Inserting `l3color' in `luaotfload.parse_color'.
\l__pdf_internal_box=\box53
))
Package: xparse 2024-08-16 L3 Experimental document command parser
)
Package: fontspec 2024/05/11 v2.9e Font selection for XeLaTeX and LuaLaTeX
Lua module: fontspec 2024/05/11 2.9e Font selection for XeLaTeX and LuaLaTeX
(C:/Users/parsonrr/AppData/Local/Programs/MiKTeX/tex/latex/fontspec/fontspec-lu
atex.sty
Package: fontspec-luatex 2024/05/11 v2.9e Font selection for XeLaTeX and LuaLaT
eX
\l__fontspec_script_int=\count284
\l__fontspec_language_int=\count285
\l__fontspec_strnum_int=\count286
\l__fontspec_tmp_int=\count287
\l__fontspec_tmpa_int=\count288
\l__fontspec_tmpb_int=\count289
\l__fontspec_tmpc_int=\count290
\l__fontspec_em_int=\count291
\l__fontspec_emdef_int=\count292
\l__fontspec_strong_int=\count293
\l__fontspec_strongdef_int=\count294
\l__fontspec_tmpa_dim=\dimen154
\l__fontspec_tmpb_dim=\dimen155
\l__fontspec_tmpc_dim=\dimen156

(C:/Users/parsonrr/AppData/Local/Programs/MiKTeX/tex/latex/base/fontenc.sty
Package: fontenc 2021/04/29 v2.0v Standard LaTeX package
)
(C:/Users/parsonrr/AppData/Local/Programs/MiKTeX/tex/latex/fontspec/fontspec.cf
g)))
(C:/Users/parsonrr/AppData/Local/Programs/MiKTeX/tex/latex/fontawesome/fontawes
ome.sty
Package: fontawesome 2016/05/15 v4.6.3.1 font awesome icons

(C:/Users/parsonrr/AppData/Local/Programs/MiKTeX/tex/generic/iftex/ifxetex.sty
Package: ifxetex 2019/10/25 v0.7 ifxetex legacy package. Use iftex instead.
)
(C:/Users/parsonrr/AppData/Local/Programs/MiKTeX/tex/generic/iftex/ifluatex.sty
Package: ifluatex 2019/10/25 v1.5 ifluatex legacy package. Use iftex instead.
)
(C:/Users/parsonrr/AppData/Local/Programs/MiKTeX/tex/latex/fontawesome/fontawes
omesymbols-generic.tex)
luaotfload | cache : Lookup cache loaded from C:/Users/parsonrr/AppData/Local/Mi
KTeX/luatex-cache/generic/names/luaotfload-lookup-cache.luc.
luaotfload | aux : font no 18 (nil) defines no feature for script latn
luaotfload | aux : font no 18 (nil) defines no feature for script dflt

Package fontspec Info: 
(fontspec)             Could not resolve font "FontAwesome/BI" (it probably
(fontspec)             doesn't exist).


Package fontspec Info: 
(fontspec)             Could not resolve font "FontAwesome/B" (it probably
(fontspec)             doesn't exist).


Package fontspec Info: 
(fontspec)             Could not resolve font "FontAwesome/I" (it probably
(fontspec)             doesn't exist).

luaotfload | aux : font no 18 (nil) does not define feature smcp for script latn
 with language dflt
luaotfload | aux : font no 18 (nil) does not define feature smcp for script dflt
 with language dflt
luaotfload | aux : font no 18 (nil) does not define feature smcp for script latn
 with language dflt
luaotfload | aux : font no 18 (nil) does not define feature smcp for script dflt
 with language dflt

Package fontspec Info: 
(fontspec)             Font family 'FontAwesome(0)' created for font
(fontspec)             'FontAwesome' with options [].
(fontspec)              
(fontspec)              This font family consists of the following NFSS
(fontspec)             series/shapes:
(fontspec)              
(fontspec)             - 'normal' (m/n) with NFSS spec.:
(fontspec)             <->"name:FontAwesome:mode=node;language=dflt;"


(C:/Users/parsonrr/AppData/Local/Programs/MiKTeX/tex/latex/fontawesome/fontawes
omesymbols-xeluatex.tex))
(C:/Users/parsonrr/AppData/Local/Programs/MiKTeX/tex/latex/bbding/bbding.sty
Package: bbding 1999/04/15 v1.01 Dingbats symbols
)
(C:/Users/parsonrr/AppData/Local/Programs/MiKTeX/tex/latex/import/import.sty
Package: import 2020/04/01  v 6.2
)
(C:/Users/parsonrr/AppData/Local/Programs/MiKTeX/tex/latex/emoji/emoji.sty
Package: emoji 2021/07/17 v0.2.2 Emoji support in (Lua)LaTeX

(C:/Users/parsonrr/AppData/Local/Programs/MiKTeX/tex/latex/emoji/emoji-table.de
f
File: emoji-table.def 2021/07/17 v0.2.2 Emojisupportin(Lua)LaTeX
))
(C:/Users/parsonrr/AppData/Local/Programs/MiKTeX/tex/latex/academicons/academic
ons.sty
Package: academicons 2021/11/26 v1.9.1 Academicons Icons
)) (./Rex_Parsons_Resume.aux)
\openout1 = Rex_Parsons_Resume.aux

LaTeX Font Info:    Checking defaults for OML/cmm/m/it on input line 6.
LaTeX Font Info:    ... okay on input line 6.
LaTeX Font Info:    Checking defaults for OMS/cmsy/m/n on input line 6.
LaTeX Font Info:    ... okay on input line 6.
LaTeX Font Info:    Checking defaults for OT1/cmr/m/n on input line 6.
LaTeX Font Info:    ... okay on input line 6.
LaTeX Font Info:    Checking defaults for T1/cmr/m/n on input line 6.
LaTeX Font Info:    ... okay on input line 6.
LaTeX Font Info:    Checking defaults for TS1/cmr/m/n on input line 6.
LaTeX Font Info:    Trying to load font information for TS1+cmr on input line 6
.

(C:/Users/parsonrr/AppData/Local/Programs/MiKTeX/tex/latex/base/ts1cmr.fd
File: ts1cmr.fd 2023/04/13 v2.5m Standard LaTeX font definitions
)
LaTeX Font Info:    ... okay on input line 6.
LaTeX Font Info:    Checking defaults for TU/lmr/m/n on input line 6.
LaTeX Font Info:    ... okay on input line 6.
LaTeX Font Info:    Checking defaults for OMX/cmex/m/n on input line 6.
LaTeX Font Info:    ... okay on input line 6.
LaTeX Font Info:    Checking defaults for U/cmr/m/n on input line 6.
LaTeX Font Info:    ... okay on input line 6.
LaTeX Font Info:    Checking defaults for PD1/pdf/m/n on input line 6.
LaTeX Font Info:    ... okay on input line 6.
LaTeX Font Info:    Checking defaults for PU/pdf/m/n on input line 6.
LaTeX Font Info:    ... okay on input line 6.

*geometry* driver: auto-detecting
*geometry* detected driver: luatex
*geometry* verbose mode - [ preamble ] result:
* driver: luatex
* paper: <default>
* layout: <same size as paper>
* layoutoffset:(h,v)=(0.0pt,0.0pt)
* modes: 
* h-part:(L,W,R)=(36.135pt, 542.02501pt, 36.135pt)
* v-part:(T,H,B)=(36.135pt, 722.7pt, 36.135pt)
* \paperwidth=614.295pt
* \paperheight=794.96999pt
* \textwidth=542.02501pt
* \textheight=722.7pt
* \oddsidemargin=-36.135pt
* \evensidemargin=-36.135pt
* \topmargin=-73.135pt
* \headheight=12.0pt
* \headsep=25.0pt
* \topskip=11.0pt
* \footskip=30.0pt
* \marginparwidth=59.0pt
* \marginparsep=10.0pt
* \columnsep=10.0pt
* \skip\footins=10.0pt plus 4.0pt minus 2.0pt
* \hoffset=0.0pt
* \voffset=0.0pt
* \mag=1000
* \@twocolumnfalse
* \@twosidefalse
* \@mparswitchfalse
* \@reversemarginfalse
* (1in=72.27pt=25.4mm, 1cm=28.453pt)


(C:/Users/parsonrr/AppData/Local/Programs/MiKTeX/tex/context/base/mkii/supp-pdf
.mkii
[Loading MPS to PDF converter (version 2006.09.02).]
\scratchcounter=\count295
\scratchdimen=\dimen157
\scratchbox=\box54
\nofMPsegments=\count296
\nofMParguments=\count297
\everyMPshowfont=\toks21
\MPscratchCnt=\count298
\MPscratchDim=\dimen158
\MPnumerator=\count299
\makeMPintoPDFobject=\count300
\everyMPtoPDFconversion=\toks22
)
Package hyperref Info: Link coloring OFF on input line 6.
 (./Rex_Parsons_Resume.out) (./Rex_Parsons_Resume.out)
\@outlinefile=\write3

\openout3 = Rex_Parsons_Resume.out

Package fontspec Info: 
(fontspec)             Adjusting the maths setup (use [no-math] to avoid
(fontspec)             this).

\symlegacymaths=\mathgroup4
LaTeX Font Info:    Overwriting symbol font `legacymaths' in version `bold'
(Font)                  OT1/cmr/m/n --> OT1/cmr/bx/n on input line 6.
LaTeX Font Info:    Redeclaring math accent \acute on input line 6.
LaTeX Font Info:    Redeclaring math accent \grave on input line 6.
LaTeX Font Info:    Redeclaring math accent \ddot on input line 6.
LaTeX Font Info:    Redeclaring math accent \tilde on input line 6.
LaTeX Font Info:    Redeclaring math accent \bar on input line 6.
LaTeX Font Info:    Redeclaring math accent \breve on input line 6.
LaTeX Font Info:    Redeclaring math accent \check on input line 6.
LaTeX Font Info:    Redeclaring math accent \hat on input line 6.
LaTeX Font Info:    Redeclaring math accent \dot on input line 6.
LaTeX Font Info:    Redeclaring math accent \mathring on input line 6.
LaTeX Font Info:    Redeclaring math symbol \colon on input line 6.
LaTeX Font Info:    Redeclaring math symbol \Gamma on input line 6.
LaTeX Font Info:    Redeclaring math symbol \Delta on input line 6.
LaTeX Font Info:    Redeclaring math symbol \Theta on input line 6.
LaTeX Font Info:    Redeclaring math symbol \Lambda on input line 6.
LaTeX Font Info:    Redeclaring math symbol \Xi on input line 6.
LaTeX Font Info:    Redeclaring math symbol \Pi on input line 6.
LaTeX Font Info:    Redeclaring math symbol \Sigma on input line 6.
LaTeX Font Info:    Redeclaring math symbol \Upsilon on input line 6.
LaTeX Font Info:    Redeclaring math symbol \Phi on input line 6.
LaTeX Font Info:    Redeclaring math symbol \Psi on input line 6.
LaTeX Font Info:    Redeclaring math symbol \Omega on input line 6.
LaTeX Font Info:    Redeclaring math symbol \mathdollar on input line 6.
LaTeX Font Info:    Redeclaring symbol font `operators' on input line 6.
LaTeX Font Info:    Encoding `OT1' has changed to `TU' for symbol font
(Font)              `operators' in the math version `normal' on input line 6.
LaTeX Font Info:    Overwriting symbol font `operators' in version `normal'
(Font)                  OT1/cmr/m/n --> TU/lmr/m/n on input line 6.
LaTeX Font Info:    Encoding `OT1' has changed to `TU' for symbol font
(Font)              `operators' in the math version `bold' on input line 6.
LaTeX Font Info:    Overwriting symbol font `operators' in version `bold'
(Font)                  OT1/cmr/bx/n --> TU/lmr/m/n on input line 6.
LaTeX Font Info:    Overwriting symbol font `operators' in version `normal'
(Font)                  TU/lmr/m/n --> TU/lmr/m/n on input line 6.
LaTeX Font Info:    Overwriting math alphabet `\mathit' in version `normal'
(Font)                  OT1/cmr/m/it --> TU/lmr/m/it on input line 6.
LaTeX Font Info:    Overwriting math alphabet `\mathbf' in version `normal'
(Font)                  OT1/cmr/bx/n --> TU/lmr/b/n on input line 6.
LaTeX Font Info:    Overwriting math alphabet `\mathsf' in version `normal'
(Font)                  OT1/cmss/m/n --> TU/lmss/m/n on input line 6.
LaTeX Font Info:    Overwriting math alphabet `\mathtt' in version `normal'
(Font)                  OT1/cmtt/m/n --> TU/lmtt/m/n on input line 6.
LaTeX Font Info:    Overwriting symbol font `operators' in version `bold'
(Font)                  TU/lmr/m/n --> TU/lmr/b/n on input line 6.
LaTeX Font Info:    Overwriting math alphabet `\mathit' in version `bold'
(Font)                  OT1/cmr/bx/it --> TU/lmr/b/it on input line 6.
LaTeX Font Info:    Overwriting math alphabet `\mathsf' in version `bold'
(Font)                  OT1/cmss/bx/n --> TU/lmss/b/n on input line 6.
LaTeX Font Info:    Overwriting math alphabet `\mathtt' in version `bold'
(Font)                  OT1/cmtt/m/n --> TU/lmtt/b/n on input line 6.
luaotfload | db : Reload initiated (formats: otf,ttf,ttc); reason: Font "Apple C
olor Emoji" not found.

! Package fontspec Error: 
(fontspec)                The font "Apple Color Emoji" cannot be found; this
(fontspec)                may be but usually is not a fontspec bug. Either
(fontspec)                there is a typo in the font name/file, the font is
(fontspec)                not installed (correctly), or there is a bug in
(fontspec)                the underlying font loading engine
(fontspec)                (XeTeX/luaotfload).

For immediate help type H <return>.
 ...                                              
                                                  
l.6 \begin{document}
                  
? 
luaotfload | aux : no font with id 0
luaotfload | aux : no font with id 0

! Package fontspec Error: 
(fontspec)                The font "Apple Color Emoji" cannot be found; this
(fontspec)                may be but usually is not a fontspec bug. Either
(fontspec)                there is a typo in the font name/file, the font is
(fontspec)                not installed (correctly), or there is a bug in
(fontspec)                the underlying font loading engine
(fontspec)                (XeTeX/luaotfload).

For immediate help type H <return>.
 ...                                              
                                                  
l.6 \begin{document}
                  
? 

! Package fontspec Error: 
(fontspec)                The font "Apple Color Emoji" cannot be found; this
(fontspec)                may be but usually is not a fontspec bug. Either
(fontspec)                there is a typo in the font name/file, the font is
(fontspec)                not installed (correctly), or there is a bug in
(fontspec)                the underlying font loading engine
(fontspec)                (XeTeX/luaotfload).

For immediate help type H <return>.
 ...                                              
                                                  
l.6 \begin{document}
                  
? 

Package fontspec Info: 
(fontspec)             Font family 'AppleColorEmoji(0)' created for font
(fontspec)             'Apple Color Emoji' with options
(fontspec)             [BoldFont={},ItalicFont={},SmallCapsFont={},Renderer=Har
fBuzz].
(fontspec)              
(fontspec)              This font family consists of the following NFSS
(fontspec)             series/shapes:
(fontspec)              
(fontspec)             - 'normal' (m/n) with NFSS spec.: <->"name:Apple Color
(fontspec)             Emoji:mode=harf;language=dflt;"

(../components/../components/background.tex
! Font \TU/AppleColorEmoji(0)/m/n/10.95=name:Apple Color Emoji:mode=harf;languag
e=dflt; at 10.95pt not loadable: metric data not found or bad.
<to be read again> 
relax 
l.4 ...moji{desktop-computer} rwparsons.github.io/}}
                                                  
? 
) (../components/education/qut.tex) (../components/education/uon.tex)
(../components/education/uq.tex) (../components/experiences/nous.tex
LaTeX Font Info:    Font shape `TU/lmss/m/it' in size <10.95> not available
(Font)              Font shape `TU/lmss/m/sl' tried instead on input line 2.
)
(../components/experiences/aushsi.tex) (../components/experiences/ellume.tex)
(../components/experiences/cityfertility.tex)
(../components/experiences/ucmi.tex) (../components/experiences/ellume_ra.tex)
(../components/../components/skills.tex)
(../components/publications/software.tex

[1

{C:/Users/parsonrr/AppData/Local/MiKTeX/fonts/map/pdftex/pdftex.map}
Missing character: There is no 🖥 (U+1F5A5) in font nullfont!
Missing character: There is no ️ (U+FE0F) in font nullfont!
]) (../components/experiences/teaching.tex)
(../components/awards/awards-gen.tex) (../components/awards/awards-grants.tex)
(../components/../components/outreach.tex)
LaTeX Font Info:    Trying to load font information for TU+academicons on input
 line 49.

(C:/Users/parsonrr/AppData/Local/Programs/MiKTeX/tex/latex/academicons/tuacadem
icons.fd) (../components/publications/all_pubs.tex

[2]

[3]) (../components/publications/conference_abstracts.tex)

[4] (./Rex_Parsons_Resume.aux)
 ***********
LaTeX2e <2024-06-01> patch level 2
L3 programming layer <2024-08-30>
 ***********
Package rerunfilecheck Info: File `Rex_Parsons_Resume.out' has not changed.
(rerunfilecheck)             Checksum: D41D8CD98F00B204E9800998ECF8427E;0.
)

Here is how much of LuaTeX's memory you used:
 18769 strings out of 475910
 125007,953878 words of node,token memory allocated
 421 words of node memory still in use:
   3 hlist, 1 vlist, 1 rule, 2 glue, 3 kern, 1 glyph, 4 attribute, 51 glue_spec,
 4 attribute_list, 1 write nodes
   avail lists: 1:1,2:838,3:397,4:165,5:646,6:143,7:12165,9:517,10:6,11:1063
 40934 multiletter control sequences out of 65536+600000
 28 fonts using 2221999 bytes
 94i,6n,117p,389b,505s stack positions out of 10000i,1000n,20000p,200000b,200000s
<C:/Users/parsonrr/AppData/Local/Programs/MiKTeX/fonts/truetype/public/academico
ns/academicons.ttf><c:/users/parsonrr/appdata/local/programs/miktex/fonts/openty
pe/public/lm/lmmono10-regular.otf><c:/users/parsonrr/appdata/local/programs/mikt
ex/fonts/opentype/public/lm/lmsans10-oblique.otf><C:/Users/parsonrr/AppData/Loca
l/Programs/MiKTeX/fonts/opentype/public/fontawesome/FontAwesome.otf><c:/users/pa
rsonrr/appdata/local/programs/miktex/fonts/opentype/public/lm/lmsans10-regular.o
tf><c:/users/parsonrr/appdata/local/programs/miktex/fonts/opentype/public/lm/lms
ans10-bold.otf>
Output written on Rex_Parsons_Resume.pdf (4 pages, 65472 bytes).

PDF statistics: 146 PDF objects out of 1000 (max. 8388607)
 54 named destinations out of 1000 (max. 131072)
 1 words of extra memory for PDF output out of 10000 (max. 100000000)

